<?xml version="1.0" encoding="UTF-8"?>
<!-- Generated by org.testng.reporters.JUnitXMLReporter -->
<testsuite hostname="DESKTOP-7UMI6SO" ignored="4" name="Default test(failed)" tests="2" failures="1" timestamp="10 Jul 2020 17:48:17 GMT" time="0.086" errors="0">
  <testcase name="signIn" time="0.015" classname="tests.TestNGConcepts">
    <failure type="java.lang.AssertionError" message="expected [coleage] but found [school]">
      <![CDATA[java.lang.AssertionError: expected [coleage] but found [school]
at tests.TestNGConcepts.signIn(TestNGConcepts.java:16)
... Removed 31 stack frames]]>
    </failure>
  </testcase> <!-- signIn -->
  <testcase name="homePage" time="0.0" classname="tests.TestNGConcepts">
    <skipped/>
  </testcase> <!-- homePage -->
  <testcase name="checkTitle" time="0.0" classname="tests.TestNGConcepts">
    <ignored/>
  </testcase> <!-- checkTitle -->
  <testcase name="customerPage" time="0.0" classname="tests.TestNGConcepts">
    <ignored/>
  </testcase> <!-- customerPage -->
  <testcase name="logout" time="0.0" classname="tests.TestNGConcepts">
    <ignored/>
  </testcase> <!-- logout -->
  <testcase name="dashboard" time="0.0" classname="tests.TestNGConcepts">
    <ignored/>
  </testcase> <!-- dashboard -->
</testsuite> <!-- Default test(failed) -->
