<?xml version="1.0" encoding="UTF-8"?>
<!-- Generated by org.testng.reporters.JUnitXMLReporter -->
<testsuite hostname="DESKTOP-7UMI6SO" ignored="3" name="Login to Hotel Page" tests="3" failures="0" timestamp="10 Jul 2020 17:31:44 GMT" time="0.066" errors="0">
  <testcase name="customerPage" time="0.015" classname="tests.TestNGConcepts"/>
  <testcase name="dashboard" time="0.002" classname="tests.TestNGConcepts"/>
  <testcase name="logout" time="0.003" classname="tests.TestNGConcepts"/>
  <testcase name="checkTitle" time="0.0" classname="tests.TestNGConcepts">
    <ignored/>
  </testcase> <!-- checkTitle -->
  <testcase name="homePage" time="0.0" classname="tests.TestNGConcepts">
    <ignored/>
  </testcase> <!-- homePage -->
  <testcase name="signIn" time="0.0" classname="tests.TestNGConcepts">
    <ignored/>
  </testcase> <!-- signIn -->
</testsuite> <!-- Login to Hotel Page -->
